mktextfm SimSun/OT
mktextfm SimSun/OT
mktextfm SimSun/OT
mktextfm SimSun/I/OT
mktextfm SimSun/OT
mktextfm SimSun/BI/OT
mktextfm SimSun/OT
mktextfm SimSun/I/OT
mktextfm SimSun/OT
mktextfm SimSun/OT
mktextfm SimSun/OT
mktextfm SimSun/OT
mktextfm SimSun/OT
mktextfm SimSun/OT
mktextfm SimSun/OT
mktextfm SimSun/OT
mktextfm SimSun/I/OT
mktextfm SimSun/OT
mktextfm SimSun/BI/OT
mktextfm SimSun/OT
mktextfm SimSun/I/OT
mktextfm SimSun/OT
mktextfm SimSun/OT
mktextfm SimSun/OT
mktextfm SimSun/OT
mktextfm SimSun/OT
mktextfm STSongti/OT
mktextfm STSongti/OT
mktextfm STSongti/OT
mktextfm STSongti/I/OT
mktextfm STSongti/OT
mktextfm STSongti/BI/OT
mktextfm STSongti/OT
mktextfm STSongti/I/OT
mktextfm STSongti/OT
mktextfm STSongti/OT
mktextfm STSongti/OT
mktextfm STSongti/OT
mktextfm STSongti/OT
mktextfm STSongti/OT
mktextfm STSongti/OT
mktextfm STSongti/I/OT
mktextfm STSongti/OT
mktextfm STSongti/BI/OT
mktextfm STSongti/OT
mktextfm STSongti/I/OT
mktextfm STSongti/OT
mktextfm STSongti/OT
mktextfm STSongti/OT
mktextfm STSongti/OT
