\BOOKMARK [0][-]{chapter.1}{\376\377\153\143\145\207\150\074\137\017\213\364\146\016}{}% 1
\BOOKMARK [1][-]{section.1.1}{\376\377\213\272\145\207\150\074\137\017\127\372\147\054\211\201\154\102}{chapter.1}% 2
\BOOKMARK [1][-]{section.1.2}{\376\377\213\272\145\207\230\165\167\011\230\165\201\032\166\204\177\026\143\222}{chapter.1}% 3
\BOOKMARK [1][-]{section.1.3}{\376\377\172\340\202\202\150\007\230\230\150\074\137\017}{chapter.1}% 4
\BOOKMARK [1][-]{section.1.4}{\376\377\124\004\172\340\116\113\225\364\166\204\122\006\226\224\173\046\213\276\177\156}{chapter.1}% 5
\BOOKMARK [1][-]{section.1.5}{\376\377\153\143\145\207\116\055\166\204\177\026\123\367}{chapter.1}% 6
\BOOKMARK [1][-]{section.1.6}{\376\377\123\302\200\003\145\207\163\056}{chapter.1}% 7
\BOOKMARK [0][-]{chapter.2}{\376\377\126\376\150\007\150\074\137\017\213\364\146\016}{}% 8
\BOOKMARK [1][-]{section.2.1}{\376\377\210\150\166\204\150\074\137\017\213\364\146\016}{chapter.2}% 9
\BOOKMARK [2][-]{subsection.2.1.1}{\376\377\210\150\166\204\150\074\137\017\171\072\117\213}{section.2.1}% 10
\BOOKMARK [2][-]{subsection.2.1.2}{\376\377\210\150\166\204\150\074\137\017\143\317\217\360}{section.2.1}% 11
\BOOKMARK [1][-]{section.2.2}{\376\377\126\376\166\204\150\074\137\017\213\364\146\016}{chapter.2}% 12
\BOOKMARK [2][-]{subsection.2.2.1}{\376\377\126\376\166\204\150\074\137\017\143\317\217\360}{section.2.2}% 13
\BOOKMARK [0][-]{chapter.3}{\376\377\172\340\150\007\230\230}{}% 14
\BOOKMARK [1][-]{section.3.1}{\376\377\173\054\116\011\172\340\173\054\116\000\202\202\230\230\166\356}{chapter.3}% 15
\BOOKMARK [2][-]{subsection.3.1.1}{\376\377\173\054\116\011\172\340\173\054\116\000\202\202\116\000\176\247\230\230\166\356}{section.3.1}% 16
\BOOKMARK [1][-]{section.3.2}{\376\377\173\054\116\011\172\340\173\054\116\000\202\202\230\230\166\356}{chapter.3}% 17
\BOOKMARK [2][-]{subsection.3.2.1}{\376\377\173\054\116\011\172\340\173\054\116\000\202\202\116\000\176\247\230\230\166\356}{section.3.2}% 18
\BOOKMARK [0][-]{chapter*.6}{\376\377\0004\000\040\214\042\000\040\217\236}{}% 19
\BOOKMARK [0][-]{chapter*.7}{\376\377\123\302\200\003\145\207\163\056}{}% 20
