\BOOKMARK [0][-]{chapter*.1}{\376\377\144\130\000\040\211\201}{}% 1
\BOOKMARK [0][-]{chapter*.2}{\376\377\000A\000B\000S\000T\000R\000A\000C\000T}{}% 2
\BOOKMARK [0][-]{chapter.1}{\376\377\176\352\000\040\213\272}{}% 3
\BOOKMARK [1][-]{section.1.1}{\376\377\174\373\176\337\137\000\123\321\200\314\146\157}{chapter.1}% 4
\BOOKMARK [2][-]{subsection.1.1.1}{\376\377\171\076\117\032\163\257\130\203}{section.1.1}% 5
\BOOKMARK [2][-]{subsection.1.1.2}{\376\377\174\373\176\337\123\321\134\125\124\214\136\224\165\050\163\260\162\266}{section.1.1}% 6
\BOOKMARK [2][-]{subsection.1.1.3}{\376\377\176\304\176\307\163\260\133\236\225\356\230\230}{section.1.1}% 7
\BOOKMARK [1][-]{section.1.2}{\376\377\174\373\176\337\137\000\123\321\141\017\116\111}{chapter.1}% 8
\BOOKMARK [2][-]{subsection.1.2.1}{\376\377\174\373\176\337\137\000\123\321\166\356\150\007}{section.1.2}% 9
\BOOKMARK [2][-]{subsection.1.2.2}{\376\377\136\224\165\050\116\367\120\074}{section.1.2}% 10
\BOOKMARK [1][-]{section.1.3}{\376\377\123\357\210\114\140\047\122\006\147\220}{chapter.1}% 11
\BOOKMARK [2][-]{subsection.1.3.1}{\376\377\142\200\147\057\123\357\210\114\140\047}{section.1.3}% 12
\BOOKMARK [2][-]{subsection.1.3.2}{\376\377\173\241\164\006\123\357\210\114\140\047}{section.1.3}% 13
\BOOKMARK [2][-]{subsection.1.3.3}{\376\377\171\076\117\032\123\357\210\114\140\047}{section.1.3}% 14
\BOOKMARK [2][-]{subsection.1.3.4}{\376\377\176\317\155\116\123\357\210\114\140\047}{section.1.3}% 15
\BOOKMARK [0][-]{chapter.2}{\376\377\116\032\122\241\136\372\152\041}{}% 16
\BOOKMARK [1][-]{section.2.1}{\376\377\141\077\146\157}{chapter.2}% 17
\BOOKMARK [2][-]{subsection.2.1.1}{\376\377\166\356\150\007\176\304\176\307}{section.2.1}% 18
\BOOKMARK [2][-]{subsection.2.1.2}{\376\377\155\211\117\027}{section.2.1}% 19
\BOOKMARK [0][-]{chapter*.4}{\376\377\214\042\000\040\217\236}{}% 20
