\BOOKMARK [0][-]{chapter*.1}{\376\377\144\130\000\040\211\201}{}% 1
\BOOKMARK [0][-]{chapter*.2}{\376\377\000A\000B\000S\000T\000R\000A\000C\000T}{}% 2
\BOOKMARK [0][-]{chapter.1}{\376\377\176\352\213\272}{}% 3
\BOOKMARK [1][-]{section.1.1}{\376\377\150\007\230\230}{chapter.1}% 4
\BOOKMARK [2][-]{subsection.1.1.1}{\376\377\150\007\230\230}{section.1.1}% 5
\BOOKMARK [1][-]{section.1.2}{\376\377\150\007\230\230}{chapter.1}% 6
\BOOKMARK [1][-]{section.1.3}{\376\377\147\054\172\340\134\017\176\323}{chapter.1}% 7
\BOOKMARK [0][-]{chapter.2}{\376\377\150\007\230\230}{}% 8
\BOOKMARK [1][-]{section.2.1}{\376\377\150\007\230\230}{chapter.2}% 9
\BOOKMARK [2][-]{subsection.2.1.1}{\376\377\150\007\230\230}{section.2.1}% 10
\BOOKMARK [1][-]{section.2.2}{\376\377\150\007\230\230}{chapter.2}% 11
\BOOKMARK [1][-]{section.2.3}{\376\377\147\054\172\340\134\017\176\323}{chapter.2}% 12
\BOOKMARK [0][-]{chapter.3}{\376\377\150\007\230\230}{}% 13
\BOOKMARK [1][-]{section.3.1}{\376\377\150\007\230\230}{chapter.3}% 14
\BOOKMARK [2][-]{subsection.3.1.1}{\376\377\150\007\230\230}{section.3.1}% 15
\BOOKMARK [1][-]{section.3.2}{\376\377\150\007\230\230}{chapter.3}% 16
\BOOKMARK [1][-]{section.3.3}{\376\377\147\054\172\340\134\017\176\323}{chapter.3}% 17
\BOOKMARK [0][-]{chapter.4}{\376\377\150\007\230\230}{}% 18
\BOOKMARK [1][-]{section.4.1}{\376\377\150\007\230\230}{chapter.4}% 19
\BOOKMARK [2][-]{subsection.4.1.1}{\376\377\150\007\230\230}{section.4.1}% 20
\BOOKMARK [1][-]{section.4.2}{\376\377\150\007\230\230}{chapter.4}% 21
\BOOKMARK [1][-]{section.4.3}{\376\377\147\054\172\340\134\017\176\323}{chapter.4}% 22
\BOOKMARK [0][-]{chapter.5}{\376\377\150\007\230\230}{}% 23
\BOOKMARK [1][-]{section.5.1}{\376\377\150\007\230\230}{chapter.5}% 24
\BOOKMARK [2][-]{subsection.5.1.1}{\376\377\150\007\230\230}{section.5.1}% 25
\BOOKMARK [1][-]{section.5.2}{\376\377\150\007\230\230}{chapter.5}% 26
\BOOKMARK [1][-]{section.5.3}{\376\377\147\054\172\340\134\017\176\323}{chapter.5}% 27
\BOOKMARK [0][-]{chapter.6}{\376\377\150\007\230\230}{}% 28
\BOOKMARK [1][-]{section.6.1}{\376\377\150\007\230\230}{chapter.6}% 29
\BOOKMARK [2][-]{subsection.6.1.1}{\376\377\150\007\230\230}{section.6.1}% 30
\BOOKMARK [1][-]{section.6.2}{\376\377\150\007\230\230}{chapter.6}% 31
\BOOKMARK [1][-]{section.6.3}{\376\377\147\054\172\340\134\017\176\323}{chapter.6}% 32
\BOOKMARK [0][-]{chapter.7}{\376\377\150\007\230\230}{}% 33
\BOOKMARK [1][-]{section.7.1}{\376\377\150\007\230\230}{chapter.7}% 34
\BOOKMARK [2][-]{subsection.7.1.1}{\376\377\150\007\230\230}{section.7.1}% 35
\BOOKMARK [1][-]{section.7.2}{\376\377\150\007\230\230}{chapter.7}% 36
\BOOKMARK [1][-]{section.7.3}{\376\377\147\054\172\340\134\017\176\323}{chapter.7}% 37
\BOOKMARK [0][-]{chapter.8}{\376\377\150\007\230\230}{}% 38
\BOOKMARK [1][-]{section.8.1}{\376\377\150\007\230\230}{chapter.8}% 39
\BOOKMARK [2][-]{subsection.8.1.1}{\376\377\150\007\230\230}{section.8.1}% 40
\BOOKMARK [1][-]{section.8.2}{\376\377\150\007\230\230}{chapter.8}% 41
\BOOKMARK [1][-]{section.8.3}{\376\377\147\054\172\340\134\017\176\323}{chapter.8}% 42
\BOOKMARK [0][-]{chapter.9}{\376\377\150\007\230\230}{}% 43
\BOOKMARK [1][-]{section.9.1}{\376\377\150\007\230\230}{chapter.9}% 44
\BOOKMARK [2][-]{subsection.9.1.1}{\376\377\150\007\230\230}{section.9.1}% 45
\BOOKMARK [1][-]{section.9.2}{\376\377\150\007\230\230}{chapter.9}% 46
\BOOKMARK [1][-]{section.9.3}{\376\377\147\054\172\340\134\017\176\323}{chapter.9}% 47
\BOOKMARK [0][-]{chapter.10}{\376\377\150\007\230\230}{}% 48
\BOOKMARK [1][-]{section.10.1}{\376\377\150\007\230\230}{chapter.10}% 49
\BOOKMARK [2][-]{subsection.10.1.1}{\376\377\150\007\230\230}{section.10.1}% 50
\BOOKMARK [1][-]{section.10.2}{\376\377\150\007\230\230}{chapter.10}% 51
\BOOKMARK [1][-]{section.10.3}{\376\377\147\054\172\340\134\017\176\323}{chapter.10}% 52
\BOOKMARK [0][-]{chapter.11}{\376\377\150\007\230\230}{}% 53
\BOOKMARK [1][-]{section.11.1}{\376\377\150\007\230\230}{chapter.11}% 54
\BOOKMARK [2][-]{subsection.11.1.1}{\376\377\150\007\230\230}{section.11.1}% 55
\BOOKMARK [1][-]{section.11.2}{\376\377\150\007\230\230}{chapter.11}% 56
\BOOKMARK [1][-]{section.11.3}{\376\377\147\054\172\340\134\017\176\323}{chapter.11}% 57
\BOOKMARK [0][-]{chapter.12}{\376\377\150\007\230\230}{}% 58
\BOOKMARK [1][-]{section.12.1}{\376\377\150\007\230\230}{chapter.12}% 59
\BOOKMARK [2][-]{subsection.12.1.1}{\376\377\150\007\230\230}{section.12.1}% 60
\BOOKMARK [1][-]{section.12.2}{\376\377\150\007\230\230}{chapter.12}% 61
\BOOKMARK [1][-]{section.12.3}{\376\377\147\054\172\340\134\017\176\323}{chapter.12}% 62
\BOOKMARK [0][-]{chapter*.6}{\376\377\123\302\200\003\145\207\163\056}{}% 63
\BOOKMARK [0][-]{chapter*.7}{\376\377\201\364\000\040\214\042}{}% 64
