\BOOKMARK [0][-]{chapter*.1}{\376\377\144\130\000\040\211\201}{}% 1
\BOOKMARK [0][-]{chapter*.2}{\376\377\000A\000B\000S\000T\000R\000A\000C\000T}{}% 2
\BOOKMARK [0][-]{chapter.1}{\376\377\176\352\000\040\213\272}{}% 3
\BOOKMARK [1][-]{section.1.1}{\376\377\174\373\176\337\137\000\123\321\200\314\146\157}{chapter.1}% 4
\BOOKMARK [1][-]{section.1.2}{\376\377\174\373\176\337\137\000\123\321\141\017\116\111}{chapter.1}% 5
\BOOKMARK [1][-]{section.1.3}{\376\377\123\357\210\114\140\047\122\006\147\220}{chapter.1}% 6
\BOOKMARK [2][-]{subsection.1.3.1}{\376\377\142\200\147\057\123\357\210\114\140\047}{section.1.3}% 7
\BOOKMARK [2][-]{subsection.1.3.2}{\376\377\144\315\117\134\123\357\210\114\140\047}{section.1.3}% 8
\BOOKMARK [0][-]{chapter.2}{\376\377\227\000\154\102\122\006\147\220}{}% 9
\BOOKMARK [1][-]{section.2.1}{\376\377\116\032\122\241\155\101\172\013}{chapter.2}% 10
\BOOKMARK [2][-]{subsection.2.1.1}{\376\377\116\032\122\241\227\000\154\102}{section.2.1}% 11
\BOOKMARK [2][-]{subsection.2.1.2}{\376\377\227\136\122\237\200\375\227\000\154\102}{section.2.1}% 12
\BOOKMARK [0][-]{chapter.3}{\376\377\174\373\176\337\213\276\213\241}{}% 13
\BOOKMARK [1][-]{section.3.1}{\376\377\165\050\117\213\136\372\152\041}{chapter.3}% 14
\BOOKMARK [2][-]{subsection.3.1.1}{\376\377\174\373\176\337\122\237\200\375\176\323\147\204\213\276\213\241}{section.3.1}% 15
\BOOKMARK [2][-]{subsection.3.1.2}{\376\377\174\373\176\337\165\050\117\213\213\276\213\241}{section.3.1}% 16
\BOOKMARK [1][-]{section.3.2}{\376\377\227\131\140\001\136\372\152\041}{chapter.3}% 17
\BOOKMARK [2][-]{subsection.3.2.1}{\376\377\174\373\176\337\174\173\126\376\166\204\213\276\213\241}{section.3.2}% 18
\BOOKMARK [2][-]{subsection.3.2.2}{\376\377\174\373\176\337\145\160\143\156\136\223\210\150\166\204\213\276\213\241}{section.3.2}% 19
\BOOKMARK [1][-]{section.3.3}{\376\377\122\250\140\001\136\372\152\041}{chapter.3}% 20
\BOOKMARK [2][-]{subsection.3.3.1}{\376\377\174\373\176\337\145\366\136\217\126\376}{section.3.3}% 21
\BOOKMARK [2][-]{subsection.3.3.2}{\376\377\174\373\176\337\155\073\122\250\126\376}{section.3.3}% 22
\BOOKMARK [0][-]{chapter.4}{\376\377\174\373\176\337\133\236\163\260}{}% 23
\BOOKMARK [1][-]{section.4.1}{\376\377\137\000\123\321\163\257\130\203\116\016\135\345\121\167}{chapter.4}% 24
\BOOKMARK [2][-]{subsection.4.1.1}{\376\377\137\000\123\321\213\355\212\000\116\016\221\315\211\201\172\013\136\217\123\005}{section.4.1}% 25
\BOOKMARK [2][-]{subsection.4.1.2}{\376\377\137\000\123\321\150\106\147\266}{section.4.1}% 26
\BOOKMARK [2][-]{subsection.4.1.3}{\376\377\137\000\123\321\135\345\121\167}{section.4.1}% 27
\BOOKMARK [2][-]{subsection.4.1.4}{\376\377\137\000\123\321\170\154\116\366\163\257\130\203}{section.4.1}% 28
\BOOKMARK [1][-]{section.4.2}{\376\377\133\236\163\260\126\360\226\276\123\312\117\356\153\143}{chapter.4}% 29
\BOOKMARK [1][-]{section.4.3}{\376\377\122\237\200\375\152\041\127\127\133\236\163\260}{chapter.4}% 30
\BOOKMARK [2][-]{subsection.4.3.1}{\376\377\133\374\121\145\213\376\210\150\166\204\133\236\163\260}{section.4.3}% 31
\BOOKMARK [2][-]{subsection.4.3.2}{\376\377\213\376\210\150\147\345\213\342\166\204\133\236\163\260}{section.4.3}% 32
\BOOKMARK [2][-]{subsection.4.3.3}{\376\377\147\345\213\342\145\340\213\376\117\341\140\157\166\204\133\236\163\260}{section.4.3}% 33
\BOOKMARK [2][-]{subsection.4.3.4}{\376\377\176\337\213\241\122\006\147\220\166\204\133\236\163\260}{section.4.3}% 34
\BOOKMARK [0][-]{chapter.5}{\376\377\174\373\176\337\155\113\213\325}{}% 35
\BOOKMARK [1][-]{section.5.1}{\376\377\155\113\213\325\166\356\166\204\116\016\145\271\154\325}{chapter.5}% 36
\BOOKMARK [1][-]{section.5.2}{\376\377\155\113\213\325\217\307\172\013}{chapter.5}% 37
\BOOKMARK [1][-]{section.5.3}{\376\377\155\113\213\325\176\323\213\272}{chapter.5}% 38
\BOOKMARK [0][-]{chapter.6}{\376\377\140\073\000\040\176\323}{}% 39
\BOOKMARK [0][-]{chapter.7}{\376\377\210\150\166\204\150\074\137\017\171\072\117\213\000\050\155\113\213\325\165\050\000\051}{}% 40
\BOOKMARK [0][-]{chapter*.7}{\376\377\214\042\000\040\217\236}{}% 41
\BOOKMARK [0][-]{chapter*.8}{\376\377\123\302\200\003\145\207\163\056}{}% 42
